<?xml version="1.0" encoding="UTF-8"?>
<!-- Generated by org.testng.reporters.JUnitXMLReporter -->
<testsuite hostname="DESKTOP-A9RA1I7" ignored="0" name="Default test" tests="4" failures="0" timestamp="2022-09-11T18:07:08 IST" time="85.71" errors="0">
  <testcase name="selectLanguage_Test" time="22.147" classname="propertiesPackage.NewTest"/>
  <testcase name="verify_Thumbnail_Links" time="35.015" classname="propertiesPackage.NewTest"/>
  <testcase name="Cricket_Test" time="11.861" classname="propertiesPackage.NewTest"/>
  <testcase name="select_Theme" time="16.629" classname="propertiesPackage.NewTest"/>
</testsuite> <!-- Default test -->
