<?xml version="1.0" encoding="UTF-8"?>
<!-- Generated by org.testng.reporters.JUnitXMLReporter -->
<testsuite hostname="DESKTOP-A9RA1I7" ignored="1" name="Test" tests="4" failures="0" timestamp="2022-11-16T11:25:15 IST" time="125.236" errors="0">
  <testcase name="selectLanguage_Test" time="39.992" classname="propertiesPackage.NewTest"/>
  <testcase name="verify_Thumbnail_Links" time="44.328" classname="propertiesPackage.NewTest"/>
  <testcase name="Cricket_Test" time="23.18" classname="propertiesPackage.NewTest"/>
  <testcase name="select_Theme" time="17.388" classname="propertiesPackage.NewTest"/>
  <testcase name="Webstories_Test" time="0.0" classname="propertiesPackage.NewTest">
    <ignored/>
  </testcase> <!-- Webstories_Test -->
</testsuite> <!-- Test -->
